<?xml version="1.0" encoding="UTF-8"?>
<testng-results skipped="0" failed="1" ignored="0" total="3" passed="2">
  <reporter-output>
  </reporter-output>
  <suite name="HelloFreshSuite" duration-ms="65049" started-at="2019-11-16T16:07:06Z" finished-at="2019-11-16T16:08:11Z">
    <groups>
    </groups>
    <test name="ProductPurchase" duration-ms="30736" started-at="2019-11-16T16:07:06Z" finished-at="2019-11-16T16:07:37Z">
      <class name="testScript.ProductPurchase">
        <test-method status="PASS" signature="pre_driver(org.testng.xml.XmlTest)[pri:0, instance:testScript.ProductPurchase@2f7a2457]" name="pre_driver" is-config="true" duration-ms="10860" started-at="2019-11-16T16:07:06Z" finished-at="2019-11-16T16:07:17Z">
          <params>
            <param index="0">
              <value>
                <![CDATA[org.testng.xml.XmlTest@f7bb96ab]]>
              </value>
            </param>
          </params>
          <reporter-output>
          </reporter-output>
        </test-method> <!-- pre_driver -->
        <test-method status="PASS" signature="orderProduct()[pri:0, instance:testScript.ProductPurchase@2f7a2457]" name="orderProduct" duration-ms="18573" started-at="2019-11-16T16:07:17Z" finished-at="2019-11-16T16:07:36Z">
          <reporter-output>
          </reporter-output>
        </test-method> <!-- orderProduct -->
        <test-method status="PASS" signature="post()[pri:0, instance:testScript.ProductPurchase@2f7a2457]" name="post" is-config="true" duration-ms="1284" started-at="2019-11-16T16:07:36Z" finished-at="2019-11-16T16:07:37Z">
          <reporter-output>
          </reporter-output>
        </test-method> <!-- post -->
      </class> <!-- testScript.ProductPurchase -->
    </test> <!-- ProductPurchase -->
    <test name="Login" duration-ms="13261" started-at="2019-11-16T16:07:37Z" finished-at="2019-11-16T16:07:50Z">
      <class name="testScript.Login">
        <test-method status="PASS" signature="pre_driver(org.testng.xml.XmlTest)[pri:0, instance:testScript.Login@2c6a3f77]" name="pre_driver" is-config="true" duration-ms="8677" started-at="2019-11-16T16:07:37Z" finished-at="2019-11-16T16:07:46Z">
          <params>
            <param index="0">
              <value>
                <![CDATA[org.testng.xml.XmlTest@320894e6]]>
              </value>
            </param>
          </params>
          <reporter-output>
          </reporter-output>
        </test-method> <!-- pre_driver -->
        <test-method status="FAIL" signature="loginUser()[pri:0, instance:testScript.Login@2c6a3f77]" name="loginUser" duration-ms="4081" started-at="2019-11-16T16:07:46Z" finished-at="2019-11-16T16:07:50Z">
          <exception class="java.lang.AssertionError">
            <message>
              <![CDATA[expected [Rahl Kumar] but found [Rahil Kumar]]]>
            </message>
            <full-stacktrace>
              <![CDATA[java.lang.AssertionError: expected [Rahl Kumar] but found [Rahil Kumar]
at org.testng.Assert.fail(Assert.java:96)
at org.testng.Assert.failNotEquals(Assert.java:776)
at org.testng.Assert.assertEqualsImpl(Assert.java:137)
at org.testng.Assert.assertEquals(Assert.java:118)
at org.testng.Assert.assertEquals(Assert.java:453)
at org.testng.Assert.assertEquals(Assert.java:463)
at testScript.Login.loginUser(Login.java:43)
at sun.reflect.NativeMethodAccessorImpl.invoke0(Native Method)
at sun.reflect.NativeMethodAccessorImpl.invoke(NativeMethodAccessorImpl.java:62)
at sun.reflect.DelegatingMethodAccessorImpl.invoke(DelegatingMethodAccessorImpl.java:43)
at java.lang.reflect.Method.invoke(Method.java:498)
at org.testng.internal.MethodInvocationHelper.invokeMethod(MethodInvocationHelper.java:124)
at org.testng.internal.Invoker.invokeMethod(Invoker.java:583)
at org.testng.internal.Invoker.invokeTestMethod(Invoker.java:719)
at org.testng.internal.Invoker.invokeTestMethods(Invoker.java:989)
at org.testng.internal.TestMethodWorker.invokeTestMethods(TestMethodWorker.java:125)
at org.testng.internal.TestMethodWorker.run(TestMethodWorker.java:109)
at org.testng.TestRunner.privateRun(TestRunner.java:648)
at org.testng.TestRunner.run(TestRunner.java:505)
at org.testng.SuiteRunner.runTest(SuiteRunner.java:455)
at org.testng.SuiteRunner.runSequentially(SuiteRunner.java:450)
at org.testng.SuiteRunner.privateRun(SuiteRunner.java:415)
at org.testng.SuiteRunner.run(SuiteRunner.java:364)
at org.testng.SuiteRunnerWorker.runSuite(SuiteRunnerWorker.java:52)
at org.testng.SuiteRunnerWorker.run(SuiteRunnerWorker.java:84)
at org.testng.TestNG.runSuitesSequentially(TestNG.java:1208)
at org.testng.TestNG.runSuitesLocally(TestNG.java:1137)
at org.testng.TestNG.runSuites(TestNG.java:1049)
at org.testng.TestNG.run(TestNG.java:1017)
at org.apache.maven.surefire.testng.TestNGExecutor.run(TestNGExecutor.java:178)
at org.apache.maven.surefire.testng.TestNGXmlTestSuite.execute(TestNGXmlTestSuite.java:92)
at org.apache.maven.surefire.testng.TestNGProvider.invoke(TestNGProvider.java:96)
at sun.reflect.NativeMethodAccessorImpl.invoke0(Native Method)
at sun.reflect.NativeMethodAccessorImpl.invoke(NativeMethodAccessorImpl.java:62)
at sun.reflect.DelegatingMethodAccessorImpl.invoke(DelegatingMethodAccessorImpl.java:43)
at java.lang.reflect.Method.invoke(Method.java:498)
at org.apache.maven.surefire.util.ReflectionUtils.invokeMethodWithArray2(ReflectionUtils.java:208)
at org.apache.maven.surefire.booter.ProviderFactory$ProviderProxy.invoke(ProviderFactory.java:159)
at org.apache.maven.surefire.booter.ProviderFactory.invokeProvider(ProviderFactory.java:87)
at org.apache.maven.surefire.booter.ForkedBooter.runSuitesInProcess(ForkedBooter.java:153)
at org.apache.maven.surefire.booter.ForkedBooter.main(ForkedBooter.java:95)
]]>
            </full-stacktrace>
          </exception> <!-- java.lang.AssertionError -->
          <reporter-output>
          </reporter-output>
        </test-method> <!-- loginUser -->
        <test-method status="PASS" signature="post()[pri:0, instance:testScript.Login@2c6a3f77]" name="post" is-config="true" duration-ms="185" started-at="2019-11-16T16:07:50Z" finished-at="2019-11-16T16:07:50Z">
          <reporter-output>
          </reporter-output>
        </test-method> <!-- post -->
      </class> <!-- testScript.Login -->
    </test> <!-- Login -->
    <test name="RegisterUser" duration-ms="20990" started-at="2019-11-16T16:07:50Z" finished-at="2019-11-16T16:08:11Z">
      <class name="testScript.RegisterUser">
        <test-method status="PASS" signature="pre_driver(org.testng.xml.XmlTest)[pri:0, instance:testScript.RegisterUser@60addb54]" name="pre_driver" is-config="true" duration-ms="8373" started-at="2019-11-16T16:07:50Z" finished-at="2019-11-16T16:07:59Z">
          <params>
            <param index="0">
              <value>
                <![CDATA[org.testng.xml.XmlTest@ac00ca1]]>
              </value>
            </param>
          </params>
          <reporter-output>
          </reporter-output>
        </test-method> <!-- pre_driver -->
        <test-method status="PASS" signature="registerUser()[pri:0, instance:testScript.RegisterUser@60addb54]" name="registerUser" duration-ms="10503" started-at="2019-11-16T16:07:59Z" finished-at="2019-11-16T16:08:09Z">
          <reporter-output>
          </reporter-output>
        </test-method> <!-- registerUser -->
        <test-method status="PASS" signature="post()[pri:0, instance:testScript.RegisterUser@60addb54]" name="post" is-config="true" duration-ms="2112" started-at="2019-11-16T16:08:09Z" finished-at="2019-11-16T16:08:11Z">
          <reporter-output>
          </reporter-output>
        </test-method> <!-- post -->
      </class> <!-- testScript.RegisterUser -->
    </test> <!-- RegisterUser -->
  </suite> <!-- HelloFreshSuite -->
</testng-results>
