<?xml version="1.0" encoding="UTF-8"?>
<testng-results skipped="0" failed="1" ignored="0" total="3" passed="2">
  <reporter-output>
  </reporter-output>
  <suite name="HelloFreshSuite" duration-ms="40316" started-at="2019-11-16T16:10:48Z" finished-at="2019-11-16T16:11:28Z">
    <groups>
    </groups>
    <test name="Login" duration-ms="22995" started-at="2019-11-16T16:10:48Z" finished-at="2019-11-16T16:11:11Z">
      <class name="testScript.Login">
        <test-method status="PASS" signature="pre_driver(org.testng.xml.XmlTest)[pri:0, instance:testScript.Login@14bf9759]" name="pre_driver" is-config="true" duration-ms="13280" started-at="2019-11-16T16:10:48Z" finished-at="2019-11-16T16:11:01Z">
          <params>
            <param index="0">
              <value>
                <![CDATA[org.testng.xml.XmlTest@db79aa2c]]>
              </value>
            </param>
          </params>
          <reporter-output>
          </reporter-output>
        </test-method> <!-- pre_driver -->
        <test-method status="FAIL" signature="loginUser()[pri:0, instance:testScript.Login@14bf9759]" name="loginUser" duration-ms="8259" started-at="2019-11-16T16:11:01Z" finished-at="2019-11-16T16:11:09Z">
          <exception class="java.lang.AssertionError">
            <message>
              <![CDATA[expected [Rahl Kumar] but found [Rahil Kumar]]]>
            </message>
            <full-stacktrace>
              <![CDATA[java.lang.AssertionError: expected [Rahl Kumar] but found [Rahil Kumar]
at org.testng.Assert.fail(Assert.java:96)
at org.testng.Assert.failNotEquals(Assert.java:776)
at org.testng.Assert.assertEqualsImpl(Assert.java:137)
at org.testng.Assert.assertEquals(Assert.java:118)
at org.testng.Assert.assertEquals(Assert.java:453)
at org.testng.Assert.assertEquals(Assert.java:463)
at testScript.Login.loginUser(Login.java:43)
at sun.reflect.NativeMethodAccessorImpl.invoke0(Native Method)
at sun.reflect.NativeMethodAccessorImpl.invoke(NativeMethodAccessorImpl.java:62)
at sun.reflect.DelegatingMethodAccessorImpl.invoke(DelegatingMethodAccessorImpl.java:43)
at java.lang.reflect.Method.invoke(Method.java:498)
at org.testng.internal.MethodInvocationHelper.invokeMethod(MethodInvocationHelper.java:124)
at org.testng.internal.Invoker.invokeMethod(Invoker.java:583)
at org.testng.internal.Invoker.invokeTestMethod(Invoker.java:719)
at org.testng.internal.Invoker.invokeTestMethods(Invoker.java:989)
at org.testng.internal.TestMethodWorker.invokeTestMethods(TestMethodWorker.java:125)
at org.testng.internal.TestMethodWorker.run(TestMethodWorker.java:109)
at org.testng.TestRunner.privateRun(TestRunner.java:648)
at org.testng.TestRunner.run(TestRunner.java:505)
at org.testng.SuiteRunner.runTest(SuiteRunner.java:455)
at org.testng.SuiteRunner.access$000(SuiteRunner.java:40)
at org.testng.SuiteRunner$SuiteWorker.run(SuiteRunner.java:489)
at org.testng.internal.thread.ThreadUtil$1.call(ThreadUtil.java:52)
at java.util.concurrent.FutureTask.run(FutureTask.java:266)
at java.util.concurrent.ThreadPoolExecutor.runWorker(ThreadPoolExecutor.java:1149)
at java.util.concurrent.ThreadPoolExecutor$Worker.run(ThreadPoolExecutor.java:624)
at java.lang.Thread.run(Thread.java:748)
]]>
            </full-stacktrace>
          </exception> <!-- java.lang.AssertionError -->
          <reporter-output>
          </reporter-output>
        </test-method> <!-- loginUser -->
        <test-method status="PASS" signature="post()[pri:0, instance:testScript.Login@14bf9759]" name="post" is-config="true" duration-ms="955" started-at="2019-11-16T16:11:10Z" finished-at="2019-11-16T16:11:11Z">
          <reporter-output>
          </reporter-output>
        </test-method> <!-- post -->
      </class> <!-- testScript.Login -->
    </test> <!-- Login -->
    <test name="RegisterUser" duration-ms="31460" started-at="2019-11-16T16:10:48Z" finished-at="2019-11-16T16:11:19Z">
      <class name="testScript.RegisterUser">
        <test-method status="PASS" signature="pre_driver(org.testng.xml.XmlTest)[pri:0, instance:testScript.RegisterUser@402a079c]" name="pre_driver" is-config="true" duration-ms="12648" started-at="2019-11-16T16:10:48Z" finished-at="2019-11-16T16:11:00Z">
          <params>
            <param index="0">
              <value>
                <![CDATA[org.testng.xml.XmlTest@b43121e7]]>
              </value>
            </param>
          </params>
          <reporter-output>
          </reporter-output>
        </test-method> <!-- pre_driver -->
        <test-method status="PASS" signature="registerUser()[pri:0, instance:testScript.RegisterUser@402a079c]" name="registerUser" duration-ms="18617" started-at="2019-11-16T16:11:00Z" finished-at="2019-11-16T16:11:19Z">
          <reporter-output>
          </reporter-output>
        </test-method> <!-- registerUser -->
        <test-method status="PASS" signature="post()[pri:0, instance:testScript.RegisterUser@402a079c]" name="post" is-config="true" duration-ms="175" started-at="2019-11-16T16:11:19Z" finished-at="2019-11-16T16:11:19Z">
          <reporter-output>
          </reporter-output>
        </test-method> <!-- post -->
      </class> <!-- testScript.RegisterUser -->
    </test> <!-- RegisterUser -->
    <test name="ProductPurchase" duration-ms="40316" started-at="2019-11-16T16:10:48Z" finished-at="2019-11-16T16:11:28Z">
      <class name="testScript.ProductPurchase">
        <test-method status="PASS" signature="pre_driver(org.testng.xml.XmlTest)[pri:0, instance:testScript.ProductPurchase@1e88b3c]" name="pre_driver" is-config="true" duration-ms="15798" started-at="2019-11-16T16:10:48Z" finished-at="2019-11-16T16:11:04Z">
          <params>
            <param index="0">
              <value>
                <![CDATA[org.testng.xml.XmlTest@a12cabf1]]>
              </value>
            </param>
          </params>
          <reporter-output>
          </reporter-output>
        </test-method> <!-- pre_driver -->
        <test-method status="PASS" signature="orderProduct()[pri:0, instance:testScript.ProductPurchase@1e88b3c]" name="orderProduct" duration-ms="22967" started-at="2019-11-16T16:11:04Z" finished-at="2019-11-16T16:11:27Z">
          <reporter-output>
          </reporter-output>
        </test-method> <!-- orderProduct -->
        <test-method status="PASS" signature="post()[pri:0, instance:testScript.ProductPurchase@1e88b3c]" name="post" is-config="true" duration-ms="1543" started-at="2019-11-16T16:11:27Z" finished-at="2019-11-16T16:11:28Z">
          <reporter-output>
          </reporter-output>
        </test-method> <!-- post -->
      </class> <!-- testScript.ProductPurchase -->
    </test> <!-- ProductPurchase -->
  </suite> <!-- HelloFreshSuite -->
</testng-results>
